#! /usr/bin/vvp
:ivl_version "11.0 (stable)";
:ivl_delay_selection "TYPICAL";
:vpi_time_precision - 12;
:vpi_module "/usr/lib/x86_64-linux-gnu/ivl/system.vpi";
:vpi_module "/usr/lib/x86_64-linux-gnu/ivl/vhdl_sys.vpi";
:vpi_module "/usr/lib/x86_64-linux-gnu/ivl/vhdl_textio.vpi";
:vpi_module "/usr/lib/x86_64-linux-gnu/ivl/v2005_math.vpi";
:vpi_module "/usr/lib/x86_64-linux-gnu/ivl/va_math.vpi";
S_0x59da03ca7320 .scope module, "alu_register_tb" "alu_register_tb" 2 3;
 .timescale -9 -12;
P_0x59da03ce8710 .param/l "WIDTH" 1 2 5, +C4<00000000000000000000000000001000>;
v0x59da03cff7e0_0 .var "clk_i", 0 0;
v0x59da03cff8a0_0 .var "first_i", 7 0;
v0x59da03cff940_0 .var "opcode_i", 1 0;
v0x59da03cffa10_0 .net "result_o", 7 0, v0x59da03cd1d40_0;  1 drivers
v0x59da03cffae0_0 .var "rst_i", 0 0;
v0x59da03cffb80_0 .var "second_i", 7 0;
v0x59da03cffc50_0 .var "valid_i", 0 0;
v0x59da03cffd20_0 .net "valid_o", 0 0, v0x59da03cff620_0;  1 drivers
S_0x59da03ce62b0 .scope module, "alu_inst" "alu_register" 2 19, 3 3 0, S_0x59da03ca7320;
 .timescale -9 -12;
    .port_info 0 /INPUT 1 "clk_i";
    .port_info 1 /INPUT 1 "rst_i";
    .port_info 2 /INPUT 1 "valid_i";
    .port_info 3 /INPUT 8 "first_i";
    .port_info 4 /INPUT 8 "second_i";
    .port_info 5 /INPUT 2 "opcode_i";
    .port_info 6 /OUTPUT 1 "valid_o";
    .port_info 7 /OUTPUT 8 "result_o";
P_0x59da03ce6490 .param/l "WIDTH" 0 3 4, +C4<00000000000000000000000000001000>;
v0x59da03cd0200_0 .var "alu_result", 7 0;
v0x59da03cd0960_0 .net "clk_i", 0 0, v0x59da03cff7e0_0;  1 drivers
v0x59da03cd1000_0 .net "first_i", 7 0, v0x59da03cff8a0_0;  1 drivers
v0x59da03cd16a0_0 .net "opcode_i", 1 0, v0x59da03cff940_0;  1 drivers
v0x59da03cd1d40_0 .var "result_o", 7 0;
v0x59da03cd23e0_0 .net "rst_i", 0 0, v0x59da03cffae0_0;  1 drivers
v0x59da03cd2630_0 .net "second_i", 7 0, v0x59da03cffb80_0;  1 drivers
v0x59da03cff560_0 .net "valid_i", 0 0, v0x59da03cffc50_0;  1 drivers
v0x59da03cff620_0 .var "valid_o", 0 0;
E_0x59da03ce6fd0 .event posedge, v0x59da03cd0960_0;
E_0x59da03ce8180 .event edge, v0x59da03cd16a0_0, v0x59da03cd1000_0, v0x59da03cd2630_0;
    .scope S_0x59da03ce62b0;
T_0 ;
    %wait E_0x59da03ce8180;
    %pushi/vec4 0, 0, 8;
    %store/vec4 v0x59da03cd0200_0, 0, 8;
    %load/vec4 v0x59da03cd16a0_0;
    %dup/vec4;
    %pushi/vec4 0, 0, 2;
    %cmp/u;
    %jmp/1 T_0.0, 6;
    %dup/vec4;
    %pushi/vec4 1, 0, 2;
    %cmp/u;
    %jmp/1 T_0.1, 6;
    %dup/vec4;
    %pushi/vec4 2, 0, 2;
    %cmp/u;
    %jmp/1 T_0.2, 6;
    %dup/vec4;
    %pushi/vec4 3, 0, 2;
    %cmp/u;
    %jmp/1 T_0.3, 6;
    %pushi/vec4 0, 0, 8;
    %store/vec4 v0x59da03cd0200_0, 0, 8;
    %jmp T_0.5;
T_0.0 ;
    %load/vec4 v0x59da03cd1000_0;
    %load/vec4 v0x59da03cd2630_0;
    %add;
    %store/vec4 v0x59da03cd0200_0, 0, 8;
    %jmp T_0.5;
T_0.1 ;
    %load/vec4 v0x59da03cd2630_0;
    %load/vec4 v0x59da03cd1000_0;
    %cmp/u;
    %flag_get/vec4 4;
    %flag_get/vec4 5;
    %or;
    %pad/u 8;
    %store/vec4 v0x59da03cd0200_0, 0, 8;
    %jmp T_0.5;
T_0.2 ;
    %load/vec4 v0x59da03cd2630_0;
    %ix/getv 4, v0x59da03cd1000_0;
    %shiftl 4;
    %store/vec4 v0x59da03cd0200_0, 0, 8;
    %jmp T_0.5;
T_0.3 ;
    %load/vec4 v0x59da03cd1000_0;
    %load/vec4 v0x59da03cd2630_0;
    %or;
    %inv;
    %store/vec4 v0x59da03cd0200_0, 0, 8;
    %jmp T_0.5;
T_0.5 ;
    %pop/vec4 1;
    %jmp T_0;
    .thread T_0, $push;
    .scope S_0x59da03ce62b0;
T_1 ;
    %wait E_0x59da03ce6fd0;
    %load/vec4 v0x59da03cd23e0_0;
    %flag_set/vec4 8;
    %jmp/0xz  T_1.0, 8;
    %pushi/vec4 0, 0, 1;
    %assign/vec4 v0x59da03cff620_0, 0;
    %jmp T_1.1;
T_1.0 ;
    %load/vec4 v0x59da03cff560_0;
    %assign/vec4 v0x59da03cff620_0, 0;
T_1.1 ;
    %load/vec4 v0x59da03cff560_0;
    %flag_set/vec4 8;
    %jmp/0xz  T_1.2, 8;
    %load/vec4 v0x59da03cd0200_0;
    %assign/vec4 v0x59da03cd1d40_0, 0;
T_1.2 ;
    %jmp T_1;
    .thread T_1;
    .scope S_0x59da03ca7320;
T_2 ;
    %delay 5000, 0;
    %load/vec4 v0x59da03cff7e0_0;
    %inv;
    %store/vec4 v0x59da03cff7e0_0, 0, 1;
    %jmp T_2;
    .thread T_2;
    .scope S_0x59da03ca7320;
T_3 ;
    %vpi_call 2 34 "$dumpvars" {0 0 0};
    %pushi/vec4 0, 0, 1;
    %store/vec4 v0x59da03cff7e0_0, 0, 1;
    %pushi/vec4 1, 0, 1;
    %store/vec4 v0x59da03cffae0_0, 0, 1;
    %pushi/vec4 0, 0, 1;
    %store/vec4 v0x59da03cffc50_0, 0, 1;
    %pushi/vec4 0, 0, 8;
    %store/vec4 v0x59da03cff8a0_0, 0, 8;
    %pushi/vec4 0, 0, 8;
    %store/vec4 v0x59da03cffb80_0, 0, 8;
    %pushi/vec4 0, 0, 2;
    %store/vec4 v0x59da03cff940_0, 0, 2;
    %wait E_0x59da03ce6fd0;
    %delay 1000, 0;
    %pushi/vec4 0, 0, 1;
    %store/vec4 v0x59da03cffae0_0, 0, 1;
    %pushi/vec4 1, 0, 1;
    %store/vec4 v0x59da03cffc50_0, 0, 1;
    %pushi/vec4 0, 0, 2;
    %store/vec4 v0x59da03cff940_0, 0, 2;
    %pushi/vec4 10, 0, 8;
    %store/vec4 v0x59da03cff8a0_0, 0, 8;
    %pushi/vec4 15, 0, 8;
    %store/vec4 v0x59da03cffb80_0, 0, 8;
    %wait E_0x59da03ce6fd0;
    %delay 1000, 0;
    %pushi/vec4 1, 0, 1;
    %store/vec4 v0x59da03cffc50_0, 0, 1;
    %pushi/vec4 1, 0, 2;
    %store/vec4 v0x59da03cff940_0, 0, 2;
    %pushi/vec4 170, 0, 8;
    %store/vec4 v0x59da03cff8a0_0, 0, 8;
    %pushi/vec4 187, 0, 8;
    %store/vec4 v0x59da03cffb80_0, 0, 8;
    %wait E_0x59da03ce6fd0;
    %delay 1000, 0;
    %pushi/vec4 1, 0, 1;
    %store/vec4 v0x59da03cffc50_0, 0, 1;
    %pushi/vec4 2, 0, 2;
    %store/vec4 v0x59da03cff940_0, 0, 2;
    %pushi/vec4 3, 0, 8;
    %store/vec4 v0x59da03cff8a0_0, 0, 8;
    %pushi/vec4 15, 0, 8;
    %store/vec4 v0x59da03cffb80_0, 0, 8;
    %wait E_0x59da03ce6fd0;
    %delay 1000, 0;
    %pushi/vec4 1, 0, 1;
    %store/vec4 v0x59da03cffc50_0, 0, 1;
    %pushi/vec4 3, 0, 2;
    %store/vec4 v0x59da03cff940_0, 0, 2;
    %pushi/vec4 170, 0, 8;
    %store/vec4 v0x59da03cff8a0_0, 0, 8;
    %pushi/vec4 85, 0, 8;
    %store/vec4 v0x59da03cffb80_0, 0, 8;
    %wait E_0x59da03ce6fd0;
    %delay 1000, 0;
    %pushi/vec4 0, 0, 1;
    %store/vec4 v0x59da03cffc50_0, 0, 1;
    %pushi/vec4 0, 0, 2;
    %store/vec4 v0x59da03cff940_0, 0, 2;
    %pushi/vec4 100, 0, 8;
    %store/vec4 v0x59da03cff8a0_0, 0, 8;
    %pushi/vec4 100, 0, 8;
    %store/vec4 v0x59da03cffb80_0, 0, 8;
    %wait E_0x59da03ce6fd0;
    %delay 1000, 0;
    %wait E_0x59da03ce6fd0;
    %vpi_call 2 94 "$finish" {0 0 0};
    %end;
    .thread T_3;
# The file index is used to find the file name in the following table.
:file_names 4;
    "N/A";
    "<interactive>";
    "alu_register_tb.v";
    "alu_register.v";
