#! /usr/bin/vvp
:ivl_version "11.0 (stable)";
:ivl_delay_selection "TYPICAL";
:vpi_time_precision - 12;
:vpi_module "/usr/lib/x86_64-linux-gnu/ivl/system.vpi";
:vpi_module "/usr/lib/x86_64-linux-gnu/ivl/vhdl_sys.vpi";
:vpi_module "/usr/lib/x86_64-linux-gnu/ivl/vhdl_textio.vpi";
:vpi_module "/usr/lib/x86_64-linux-gnu/ivl/v2005_math.vpi";
:vpi_module "/usr/lib/x86_64-linux-gnu/ivl/va_math.vpi";
S_0x5e3c32718b90 .scope module, "edge_detector_tb" "edge_detector_tb" 2 3;
 .timescale -9 -12;
v0x5e3c327051d0_0 .var "clk_i", 0 0;
v0x5e3c32705450_0 .net "detect_o", 1 0, v0x5e3c326defa0_0;  1 drivers
v0x5e3c3272ce60_0 .var "rst_i", 0 0;
v0x5e3c3272cf00_0 .var "signal_i", 0 0;
S_0x5e3c32705880 .scope module, "dut" "edge_detector" 2 11, 3 1 0, S_0x5e3c32718b90;
 .timescale 0 0;
    .port_info 0 /INPUT 1 "clk_i";
    .port_info 1 /INPUT 1 "rst_i";
    .port_info 2 /INPUT 1 "signal_i";
    .port_info 3 /OUTPUT 2 "detect_o";
v0x5e3c326debb0_0 .net "clk_i", 0 0, v0x5e3c327051d0_0;  1 drivers
v0x5e3c326defa0_0 .var "detect_o", 1 0;
v0x5e3c327046d0_0 .net "rst_i", 0 0, v0x5e3c3272ce60_0;  1 drivers
v0x5e3c32704930_0 .net "signal_i", 0 0, v0x5e3c3272cf00_0;  1 drivers
v0x5e3c32704cb0_0 .var "signal_prev", 0 0;
E_0x5e3c326ddad0 .event posedge, v0x5e3c326debb0_0;
    .scope S_0x5e3c32705880;
T_0 ;
    %wait E_0x5e3c326ddad0;
    %load/vec4 v0x5e3c327046d0_0;
    %flag_set/vec4 8;
    %jmp/0xz  T_0.0, 8;
    %pushi/vec4 0, 0, 1;
    %assign/vec4 v0x5e3c32704cb0_0, 0;
    %pushi/vec4 0, 0, 2;
    %assign/vec4 v0x5e3c326defa0_0, 0;
    %jmp T_0.1;
T_0.0 ;
    %load/vec4 v0x5e3c32704930_0;
    %assign/vec4 v0x5e3c32704cb0_0, 0;
    %load/vec4 v0x5e3c32704930_0;
    %pushi/vec4 1, 0, 1;
    %cmp/e;
    %flag_get/vec4 4;
    %load/vec4 v0x5e3c32704cb0_0;
    %pushi/vec4 0, 0, 1;
    %cmp/e;
    %flag_get/vec4 4;
    %and;
    %flag_set/vec4 8;
    %jmp/0xz  T_0.2, 8;
    %pushi/vec4 1, 0, 2;
    %assign/vec4 v0x5e3c326defa0_0, 0;
    %jmp T_0.3;
T_0.2 ;
    %load/vec4 v0x5e3c32704930_0;
    %pushi/vec4 0, 0, 1;
    %cmp/e;
    %flag_get/vec4 4;
    %load/vec4 v0x5e3c32704cb0_0;
    %pushi/vec4 1, 0, 1;
    %cmp/e;
    %flag_get/vec4 4;
    %and;
    %flag_set/vec4 8;
    %jmp/0xz  T_0.4, 8;
    %pushi/vec4 2, 0, 2;
    %assign/vec4 v0x5e3c326defa0_0, 0;
    %jmp T_0.5;
T_0.4 ;
    %pushi/vec4 0, 0, 2;
    %assign/vec4 v0x5e3c326defa0_0, 0;
T_0.5 ;
T_0.3 ;
T_0.1 ;
    %jmp T_0;
    .thread T_0;
    .scope S_0x5e3c32718b90;
T_1 ;
    %delay 5000, 0;
    %load/vec4 v0x5e3c327051d0_0;
    %inv;
    %store/vec4 v0x5e3c327051d0_0, 0, 1;
    %jmp T_1;
    .thread T_1;
    .scope S_0x5e3c32718b90;
T_2 ;
    %vpi_call 2 22 "$dumpvars" {0 0 0};
    %pushi/vec4 0, 0, 1;
    %store/vec4 v0x5e3c327051d0_0, 0, 1;
    %pushi/vec4 1, 0, 1;
    %store/vec4 v0x5e3c3272ce60_0, 0, 1;
    %pushi/vec4 0, 0, 1;
    %store/vec4 v0x5e3c3272cf00_0, 0, 1;
    %wait E_0x5e3c326ddad0;
    %delay 1000, 0;
    %pushi/vec4 0, 0, 1;
    %store/vec4 v0x5e3c3272ce60_0, 0, 1;
    %wait E_0x5e3c326ddad0;
    %delay 1000, 0;
    %pushi/vec4 1, 0, 1;
    %store/vec4 v0x5e3c3272cf00_0, 0, 1;
    %wait E_0x5e3c326ddad0;
    %delay 1000, 0;
    %wait E_0x5e3c326ddad0;
    %delay 1000, 0;
    %pushi/vec4 0, 0, 1;
    %store/vec4 v0x5e3c3272cf00_0, 0, 1;
    %wait E_0x5e3c326ddad0;
    %delay 1000, 0;
    %delay 2000, 0;
    %pushi/vec4 1, 0, 1;
    %store/vec4 v0x5e3c3272cf00_0, 0, 1;
    %delay 4000, 0;
    %pushi/vec4 0, 0, 1;
    %store/vec4 v0x5e3c3272cf00_0, 0, 1;
    %wait E_0x5e3c326ddad0;
    %delay 1000, 0;
    %wait E_0x5e3c326ddad0;
    %vpi_call 2 63 "$finish" {0 0 0};
    %end;
    .thread T_2;
# The file index is used to find the file name in the following table.
:file_names 4;
    "N/A";
    "<interactive>";
    "edge_detector_tb.v";
    "edge_detector.v";
